Using pre-set license
Built from '2021.3/staging' branch; Version is '2021.3.5f1 (40eb3a945986) revision 4254522'; Using compiler version '192829333'; Build Type 'Release'
OS: 'Windows 10  (10.0.19044) 64bit Education' Language: 'ru' Physical Memory: 14978 MB
BatchMode: 1, IsHumanControllingUs: 0, StartBugReporterOnCrash: 0, Is64bit: 1, IsPro: 1

COMMAND LINE ARGUMENTS:
C:\Program Files\Unity\Hub\Editor\2021.3.5f1\Editor\Unity.exe
-adb2
-batchMode
-noUpm
-name
AssetImportWorker0
-projectPath
C:/Users/KING/enemySpawnTest
-logFile
Logs/AssetImportWorker0.log
-srvPort
58816
Successfully changed project path to: C:/Users/KING/enemySpawnTest
C:/Users/KING/enemySpawnTest
[UnityMemory] Configuration Parameters - Can be set up in boot.config
    "memorysetup-bucket-allocator-granularity=16"
    "memorysetup-bucket-allocator-bucket-count=8"
    "memorysetup-bucket-allocator-block-size=33554432"
    "memorysetup-bucket-allocator-block-count=8"
    "memorysetup-main-allocator-block-size=16777216"
    "memorysetup-thread-allocator-block-size=16777216"
    "memorysetup-gfx-main-allocator-block-size=16777216"
    "memorysetup-gfx-thread-allocator-block-size=16777216"
    "memorysetup-cache-allocator-block-size=4194304"
    "memorysetup-typetree-allocator-block-size=2097152"
    "memorysetup-profiler-bucket-allocator-granularity=16"
    "memorysetup-profiler-bucket-allocator-bucket-count=8"
    "memorysetup-profiler-bucket-allocator-block-size=33554432"
    "memorysetup-profiler-bucket-allocator-block-count=8"
    "memorysetup-profiler-allocator-block-size=16777216"
    "memorysetup-profiler-editor-allocator-block-size=1048576"
    "memorysetup-temp-allocator-size-main=16777216"
    "memorysetup-job-temp-allocator-block-size=2097152"
    "memorysetup-job-temp-allocator-block-size-background=1048576"
    "memorysetup-job-temp-allocator-reduction-small-platforms=262144"
    "memorysetup-temp-allocator-size-background-worker=32768"
    "memorysetup-temp-allocator-size-job-worker=262144"
    "memorysetup-temp-allocator-size-preload-manager=33554432"
    "memorysetup-temp-allocator-size-nav-mesh-worker=65536"
    "memorysetup-temp-allocator-size-audio-worker=65536"
    "memorysetup-temp-allocator-size-cloud-worker=32768"
    "memorysetup-temp-allocator-size-gi-baking-worker=262144"
    "memorysetup-temp-allocator-size-gfx=262144"
Refreshing native plugins compatible for Editor in 90.39 ms, found 4 plugins.
Preloading 0 native plugins for Editor in 0.00 ms.
Initialize engine version: 2021.3.5f1 (40eb3a945986)
[Subsystems] Discovering subsystems at path C:/Program Files/Unity/Hub/Editor/2021.3.5f1/Editor/Data/Resources/UnitySubsystems
[Subsystems] Discovering subsystems at path C:/Users/KING/enemySpawnTest/Assets
GfxDevice: creating device client; threaded=0; jobified=0
Direct3D:
    Version:  Direct3D 11.0 [level 11.1]
    Renderer: NVIDIA GeForce GTX 1650 (ID=0x1f99)
    Vendor:   NVIDIA
    VRAM:     3962 MB
    Driver:   30.0.15.1278
Initialize mono
Mono path[0] = 'C:/Program Files/Unity/Hub/Editor/2021.3.5f1/Editor/Data/Managed'
Mono path[1] = 'C:/Program Files/Unity/Hub/Editor/2021.3.5f1/Editor/Data/MonoBleedingEdge/lib/mono/unityjit-win32'
Mono config path = 'C:/Program Files/Unity/Hub/Editor/2021.3.5f1/Editor/Data/MonoBleedingEdge/etc'
Using monoOptions --debugger-agent=transport=dt_socket,embedding=1,server=y,suspend=n,address=127.0.0.1:56460
Begin MonoManager ReloadAssembly
Registering precompiled unity dll's ...
Register platform support module: C:/Program Files/Unity/Hub/Editor/2021.3.5f1/Editor/Data/PlaybackEngines/WindowsStandaloneSupport/UnityEditor.WindowsStandalone.Extensions.dll
Registered in 0.006698 seconds.
Native extension for WindowsStandalone target not found
Refreshing native plugins compatible for Editor in 92.13 ms, found 4 plugins.
Preloading 0 native plugins for Editor in 0.00 ms.
Mono: successfully reloaded assembly
- Completed reload, in  0.610 seconds
Domain Reload Profiling:
	ReloadAssembly (611ms)
		BeginReloadAssembly (69ms)
			ExecutionOrderSort (0ms)
			DisableScriptedObjects (0ms)
			BackupInstance (0ms)
			ReleaseScriptingObjects (0ms)
			CreateAndSetChildDomain (1ms)
		EndReloadAssembly (436ms)
			LoadAssemblies (67ms)
			RebuildTransferFunctionScriptingTraits (0ms)
			SetupTypeCache (99ms)
			ReleaseScriptCaches (0ms)
			RebuildScriptCaches (27ms)
			SetupLoadedEditorAssemblies (261ms)
				LogAssemblyErrors (0ms)
				InitializePlatformSupportModulesInManaged (8ms)
				SetLoadedEditorAssemblies (0ms)
				RefreshPlugins (92ms)
				BeforeProcessingInitializeOnLoad (1ms)
				ProcessInitializeOnLoadAttributes (118ms)
				ProcessInitializeOnLoadMethodAttributes (41ms)
				AfterProcessingInitializeOnLoad (0ms)
				EditorAssembliesLoaded (0ms)
			ExecutionOrderSort2 (0ms)
			AwakeInstancesAfterBackupRestoration (0ms)
Platform modules already initialized, skipping
Registering precompiled user dll's ...
Registered in 0.007501 seconds.
Begin MonoManager ReloadAssembly
Symbol file LoadedFromMemory doesn't match image C:\Users\KING\enemySpawnTest\Library\PackageCache\com.unity.visualscripting@1.7.8\Editor\VisualScripting.Core\Dependencies\YamlDotNet\Unity.VisualScripting.YamlDotNet.dll
Symbol file LoadedFromMemory doesn't match image C:\Users\KING\enemySpawnTest\Library\PackageCache\com.unity.visualscripting@1.7.8\Editor\VisualScripting.Core\Dependencies\DotNetZip\Unity.VisualScripting.IonicZip.dll
Native extension for WindowsStandalone target not found
Refreshing native plugins compatible for Editor in 92.39 ms, found 4 plugins.
Preloading 0 native plugins for Editor in 0.00 ms.
Mono: successfully reloaded assembly
- Completed reload, in  1.209 seconds
Domain Reload Profiling:
	ReloadAssembly (1210ms)
		BeginReloadAssembly (103ms)
			ExecutionOrderSort (0ms)
			DisableScriptedObjects (5ms)
			BackupInstance (0ms)
			ReleaseScriptingObjects (0ms)
			CreateAndSetChildDomain (20ms)
		EndReloadAssembly (986ms)
			LoadAssemblies (79ms)
			RebuildTransferFunctionScriptingTraits (0ms)
			SetupTypeCache (255ms)
			ReleaseScriptCaches (1ms)
			RebuildScriptCaches (59ms)
			SetupLoadedEditorAssemblies (529ms)
				LogAssemblyErrors (0ms)
				InitializePlatformSupportModulesInManaged (5ms)
				SetLoadedEditorAssemblies (0ms)
				RefreshPlugins (92ms)
				BeforeProcessingInitializeOnLoad (102ms)
				ProcessInitializeOnLoadAttributes (263ms)
				ProcessInitializeOnLoadMethodAttributes (59ms)
				AfterProcessingInitializeOnLoad (7ms)
				EditorAssembliesLoaded (0ms)
			ExecutionOrderSort2 (0ms)
			AwakeInstancesAfterBackupRestoration (8ms)
Platform modules already initialized, skipping
========================================================================
Worker process is ready to serve import requests
Launched and connected shader compiler UnityShaderCompiler.exe after 0.05 seconds
Refreshing native plugins compatible for Editor in 0.81 ms, found 4 plugins.
Preloading 0 native plugins for Editor in 0.00 ms.
Unloading 4057 Unused Serialized files (Serialized files now loaded: 0)
Unloading 44 unused Assets / (222.4 KB). Loaded Objects now: 4506.
Memory consumption went from 150.8 MB to 150.6 MB.
Total: 3.886900 ms (FindLiveObjects: 0.398800 ms CreateObjectMapping: 0.254200 ms MarkObjects: 3.028800 ms  DeleteObjects: 0.203000 ms)

AssetImportParameters requested are different than current active one (requested -> active):
  custom:video-decoder-ogg-theora: a1e56fd34408186e4bbccfd4996cb3dc -> 
  custom:container-muxer-webm: aa71ff27fc2769a1b78a27578f13a17b -> 
  custom:container-demuxer-webm: 4f35f7cbe854078d1ac9338744f61a02 -> 
  custom:video-encoder-webm-vp8: eb34c28f22e8b96e1ab97ce403110664 -> 
  custom:audio-encoder-webm-vorbis: bf7c407c2cedff20999df2af8eb42d56 -> 
  custom:framework-win-MediaFoundation: 216162199b28c13a410421893ffa2e32 -> 
  custom:container-demuxer-ogg: 62fdf1f143b41e24485cea50d1cbac27 -> 
  custom:video-decoder-webm-vp8: 9c59270c3fd7afecdb556c50c9e8de78 -> 
  custom:audio-decoder-ogg-vorbis: bf7c407c2cedff20999df2af8eb42d56 -> 
========================================================================
Received Import Request.
  Time since last request: 128076.195278 seconds.
  path: Assets/2D Ice World/Assets/Scenes/Example
  artifactKey: Guid(5b12b896c0cb8bd4c9055f8b733570a6) Importer(815301076,1909f56bfc062723c751e8b465ee728b)
Start importing Assets/2D Ice World/Assets/Scenes/Example using Guid(5b12b896c0cb8bd4c9055f8b733570a6) Importer(815301076,1909f56bfc062723c751e8b465ee728b)  -> (artifact id: '8f4363c2ba6a510314c158ed44ea1812') in 0.012490 seconds 
========================================================================
Received Import Request.
  Time since last request: 0.000025 seconds.
  path: Assets/2D Ice World/Assets
  artifactKey: Guid(53799227f3e4d874aa23d99537251e07) Importer(815301076,1909f56bfc062723c751e8b465ee728b)
Start importing Assets/2D Ice World/Assets using Guid(53799227f3e4d874aa23d99537251e07) Importer(815301076,1909f56bfc062723c751e8b465ee728b)  -> (artifact id: 'df1f6ff27fda2ac4c21fc725e8991c43') in 0.005995 seconds 
========================================================================
Received Import Request.
  Time since last request: 1.561347 seconds.
  path: Assets/2D Ice World/Assets/Scenes/Example/Example_Prefabs
  artifactKey: Guid(23af79f205f8f9b41b18fcee75becbfa) Importer(815301076,1909f56bfc062723c751e8b465ee728b)
Start importing Assets/2D Ice World/Assets/Scenes/Example/Example_Prefabs using Guid(23af79f205f8f9b41b18fcee75becbfa) Importer(815301076,1909f56bfc062723c751e8b465ee728b)  -> (artifact id: 'c9adf48cabaacdd2800c789eb23d24d0') in 0.006624 seconds 
========================================================================
Received Import Request.
  Time since last request: 1.822172 seconds.
  path: Assets/2D Ice World/Assets/Scenes/Example/2D Penguin Unity Asset Store.png
  artifactKey: Guid(a24a2a3eacd38a84b91960444c1bfefc) Importer(815301076,1909f56bfc062723c751e8b465ee728b)
Start importing Assets/2D Ice World/Assets/Scenes/Example/2D Penguin Unity Asset Store.png using Guid(a24a2a3eacd38a84b91960444c1bfefc) Importer(815301076,1909f56bfc062723c751e8b465ee728b)  -> (artifact id: 'c7760431c364df50d28b244e5d66adaa') in 0.132865 seconds 
========================================================================
Received Import Request.
  Time since last request: 1.789755 seconds.
  path: Assets/Monster_D/demo_scene.unity
  artifactKey: Guid(481857056c5a4bb44b8f31fbf4efaff8) Importer(815301076,1909f56bfc062723c751e8b465ee728b)
Start importing Assets/Monster_D/demo_scene.unity using Guid(481857056c5a4bb44b8f31fbf4efaff8) Importer(815301076,1909f56bfc062723c751e8b465ee728b)  -> (artifact id: '47b145a594f2f2ee7499a99470834bd7') in 0.006851 seconds 
========================================================================
Received Import Request.
  Time since last request: 2.065744 seconds.
  path: Assets/2D Ice World/Assets/Sprites
  artifactKey: Guid(8a48d608dc07b1d4f9eed1e55b9832c2) Importer(815301076,1909f56bfc062723c751e8b465ee728b)
Start importing Assets/2D Ice World/Assets/Sprites using Guid(8a48d608dc07b1d4f9eed1e55b9832c2) Importer(815301076,1909f56bfc062723c751e8b465ee728b)  -> (artifact id: '70b8bd00a94cf94693724320e8f27e6c') in 0.006150 seconds 
========================================================================
Received Import Request.
  Time since last request: 0.425341 seconds.
  path: Assets/2D Ice World/Assets/Scenes/Example_Demo_Scene_Ice.unity
  artifactKey: Guid(58b4d0a99bcb87b468aa09a1b8feaaeb) Importer(815301076,1909f56bfc062723c751e8b465ee728b)
Start importing Assets/2D Ice World/Assets/Scenes/Example_Demo_Scene_Ice.unity using Guid(58b4d0a99bcb87b468aa09a1b8feaaeb) Importer(815301076,1909f56bfc062723c751e8b465ee728b)  -> (artifact id: '7f50b8200ef2cae1a9a7cb1e668961b7') in 0.006421 seconds 
========================================================================
Received Import Request.
  Time since last request: 4.270599 seconds.
  path: Assets/2D Ice World/Assets/Scenes
  artifactKey: Guid(ba8feaacf8385f340871a505cd2d2ad3) Importer(815301076,1909f56bfc062723c751e8b465ee728b)
Start importing Assets/2D Ice World/Assets/Scenes using Guid(ba8feaacf8385f340871a505cd2d2ad3) Importer(815301076,1909f56bfc062723c751e8b465ee728b)  -> (artifact id: '05c8da28aecc57898423b6849fce1a59') in 0.005731 seconds 
========================================================================
Received Import Request.
  Time since last request: 18.494261 seconds.
  path: Assets/2D Ice World/Assets/Sprites/Iceworld_Background_0002.png
  artifactKey: Guid(13ac864eef0d0a845998ca52f038dc34) Importer(815301076,1909f56bfc062723c751e8b465ee728b)
Start importing Assets/2D Ice World/Assets/Sprites/Iceworld_Background_0002.png using Guid(13ac864eef0d0a845998ca52f038dc34) Importer(815301076,1909f56bfc062723c751e8b465ee728b)  -> (artifact id: '5ee722916f87c85cb77d1d1d1d0f9f41') in 0.063897 seconds 
========================================================================
Received Import Request.
  Time since last request: 0.346251 seconds.
  path: Assets/Monster_D/md01
  artifactKey: Guid(ea422c2d243f8e44aaad111ad561941e) Importer(815301076,1909f56bfc062723c751e8b465ee728b)
Start importing Assets/Monster_D/md01 using Guid(ea422c2d243f8e44aaad111ad561941e) Importer(815301076,1909f56bfc062723c751e8b465ee728b)  -> (artifact id: 'c1cf702486684454759d1628e5c039d9') in 0.005906 seconds 
========================================================================
Received Import Request.
  Time since last request: 0.459685 seconds.
  path: Assets/2D Ice World/Assets/Sprites/Iceworld_Background_0001.png
  artifactKey: Guid(c376948577663234f942e90523f4af7e) Importer(815301076,1909f56bfc062723c751e8b465ee728b)
Start importing Assets/2D Ice World/Assets/Sprites/Iceworld_Background_0001.png using Guid(c376948577663234f942e90523f4af7e) Importer(815301076,1909f56bfc062723c751e8b465ee728b)  -> (artifact id: 'ba089e18c7d7175c5d891f5085d3faf0') in 0.052286 seconds 
========================================================================
Received Import Request.
  Time since last request: 0.248873 seconds.
  path: Assets/2D Ice World/Assets/Sprites/ATLAS_Water_Snow_0002.png
  artifactKey: Guid(74fcd1708f38dd1458edf8bbe184c4f0) Importer(815301076,1909f56bfc062723c751e8b465ee728b)
Start importing Assets/2D Ice World/Assets/Sprites/ATLAS_Water_Snow_0002.png using Guid(74fcd1708f38dd1458edf8bbe184c4f0) Importer(815301076,1909f56bfc062723c751e8b465ee728b)  -> (artifact id: '6a3e467636946b62ff5a23d62ae92279') in 0.076223 seconds 
========================================================================
Received Import Request.
  Time since last request: 0.209251 seconds.
  path: Assets/2D Ice World/Assets/Sprites/Single Sprites
  artifactKey: Guid(ade9a6eec74dda54ba5d291f85441cdb) Importer(815301076,1909f56bfc062723c751e8b465ee728b)
Start importing Assets/2D Ice World/Assets/Sprites/Single Sprites using Guid(ade9a6eec74dda54ba5d291f85441cdb) Importer(815301076,1909f56bfc062723c751e8b465ee728b)  -> (artifact id: 'df5936ef5714fab310c5080402a790ce') in 0.005688 seconds 
========================================================================
Received Import Request.
  Time since last request: 0.314639 seconds.
  path: Assets/2D Ice World/Assets/Sprites/Tile_Prefabs
  artifactKey: Guid(131fb2ae16059fb44bf1c5dec51c2666) Importer(815301076,1909f56bfc062723c751e8b465ee728b)
Start importing Assets/2D Ice World/Assets/Sprites/Tile_Prefabs using Guid(131fb2ae16059fb44bf1c5dec51c2666) Importer(815301076,1909f56bfc062723c751e8b465ee728b)  -> (artifact id: '0483ba047b346d5475d283285b492ed0') in 0.005875 seconds 
========================================================================
Received Import Request.
  Time since last request: 1.789007 seconds.
  path: Assets/2D Ice World/Assets/Sprites/Tile_Prefabs/Example_Scene_Tile.prefab
  artifactKey: Guid(2ad0aff101b525441baf7a4265e8f3a5) Importer(815301076,1909f56bfc062723c751e8b465ee728b)
Start importing Assets/2D Ice World/Assets/Sprites/Tile_Prefabs/Example_Scene_Tile.prefab using Guid(2ad0aff101b525441baf7a4265e8f3a5) Importer(815301076,1909f56bfc062723c751e8b465ee728b)  -> (artifact id: '96ae2eb17e564b87620b16223c40c1cc') in 0.058145 seconds 
========================================================================
Received Import Request.
  Time since last request: 5.771995 seconds.
  path: Assets/2D Ice World/Assets/Sprites/ATLAS_ICE_0001.png
  artifactKey: Guid(5afbff6f96636d34d801464d3179b7d2) Importer(815301076,1909f56bfc062723c751e8b465ee728b)
Start importing Assets/2D Ice World/Assets/Sprites/ATLAS_ICE_0001.png using Guid(5afbff6f96636d34d801464d3179b7d2) Importer(815301076,1909f56bfc062723c751e8b465ee728b)  -> (artifact id: '68051b4534830ff7563388949d0bf0f5') in 0.324656 seconds 
========================================================================
Received Import Request.
  Time since last request: 110.613402 seconds.
  path: Assets/Monster_D/md01/Ani
  artifactKey: Guid(31b6ffde3f3b42f46a6a4692b94bdc30) Importer(815301076,1909f56bfc062723c751e8b465ee728b)
Start importing Assets/Monster_D/md01/Ani using Guid(31b6ffde3f3b42f46a6a4692b94bdc30) Importer(815301076,1909f56bfc062723c751e8b465ee728b)  -> (artifact id: 'ca1b3fdc59b8d4c6e56bd4a05e5827b9') in 0.006249 seconds 
========================================================================
Received Import Request.
  Time since last request: 0.982268 seconds.
  path: Assets/Monster_D/md01/Prefabs/MonD_01.prefab
  artifactKey: Guid(332b21a684312b34798ace98affe4eed) Importer(815301076,1909f56bfc062723c751e8b465ee728b)
Start importing Assets/Monster_D/md01/Prefabs/MonD_01.prefab using Guid(332b21a684312b34798ace98affe4eed) Importer(815301076,1909f56bfc062723c751e8b465ee728b)  -> (artifact id: 'ba1a769b29d99a102109934be4b0ef7e') in 0.140032 seconds 
========================================================================
Received Import Request.
  Time since last request: 8.688233 seconds.
  path: Assets/Monster_D/md01/Prefabs/MonD_01.prefab
  artifactKey: Guid(332b21a684312b34798ace98affe4eed) Importer(815301076,1909f56bfc062723c751e8b465ee728b)
Start importing Assets/Monster_D/md01/Prefabs/MonD_01.prefab using Guid(332b21a684312b34798ace98affe4eed) Importer(815301076,1909f56bfc062723c751e8b465ee728b)  -> (artifact id: '4b0e54bdbe5bbda148efee0515160b7b') in 0.030807 seconds 
========================================================================
Received Import Request.
  Time since last request: 2.770993 seconds.
  path: Assets/Monster_D/md01/Prefabs/MonD_01.prefab
  artifactKey: Guid(332b21a684312b34798ace98affe4eed) Importer(815301076,1909f56bfc062723c751e8b465ee728b)
Start importing Assets/Monster_D/md01/Prefabs/MonD_01.prefab using Guid(332b21a684312b34798ace98affe4eed) Importer(815301076,1909f56bfc062723c751e8b465ee728b)  -> (artifact id: '4eb1ba2ae24ee5e28705e6d901507feb') in 0.030248 seconds 
========================================================================
Received Import Request.
  Time since last request: 7.062326 seconds.
  path: Assets/Monster_D/md01/Prefabs/MonD_01.prefab
  artifactKey: Guid(332b21a684312b34798ace98affe4eed) Importer(815301076,1909f56bfc062723c751e8b465ee728b)
Start importing Assets/Monster_D/md01/Prefabs/MonD_01.prefab using Guid(332b21a684312b34798ace98affe4eed) Importer(815301076,1909f56bfc062723c751e8b465ee728b)  -> (artifact id: '33859573e8ca166cb32486eb8bd90e33') in 0.030750 seconds 
========================================================================
Received Import Request.
  Time since last request: 14.413967 seconds.
  path: Assets
  artifactKey: Guid(00000000000000001000000000000000) Importer(815301076,1909f56bfc062723c751e8b465ee728b)
Start importing Assets using Guid(00000000000000001000000000000000) Importer(815301076,1909f56bfc062723c751e8b465ee728b)  -> (artifact id: '79842766b460edbeab6a34051e857a80') in 0.002399 seconds 
========================================================================
Received Import Request.
  Time since last request: 4.872022 seconds.
  path: Assets/Scripts
  artifactKey: Guid(81d8e83faa9a83240b3dfc0feefc4a65) Importer(815301076,1909f56bfc062723c751e8b465ee728b)
Start importing Assets/Scripts using Guid(81d8e83faa9a83240b3dfc0feefc4a65) Importer(815301076,1909f56bfc062723c751e8b465ee728b)  -> (artifact id: '5c2b1d46f6c91d67a844fdc7d5386ed6') in 0.006008 seconds 
========================================================================
Received Import Request.
  Time since last request: 11.320505 seconds.
  path: Assets/Scripts/SpawnManager.cs
  artifactKey: Guid(02bf6cbaeb07a1a40aa96daa531900ff) Importer(815301076,1909f56bfc062723c751e8b465ee728b)
Start importing Assets/Scripts/SpawnManager.cs using Guid(02bf6cbaeb07a1a40aa96daa531900ff) Importer(815301076,1909f56bfc062723c751e8b465ee728b)  -> (artifact id: '14d3133bc080b4c525d9afd65ec761ed') in 0.010255 seconds 
========================================================================
Received Prepare
Registering precompiled user dll's ...
Registered in 0.007732 seconds.
Begin MonoManager ReloadAssembly
Symbol file LoadedFromMemory doesn't match image C:\Users\KING\enemySpawnTest\Library\PackageCache\com.unity.visualscripting@1.7.8\Editor\VisualScripting.Core\Dependencies\YamlDotNet\Unity.VisualScripting.YamlDotNet.dll
Symbol file LoadedFromMemory doesn't match image C:\Users\KING\enemySpawnTest\Library\PackageCache\com.unity.visualscripting@1.7.8\Editor\VisualScripting.Core\Dependencies\DotNetZip\Unity.VisualScripting.IonicZip.dll
Native extension for WindowsStandalone target not found
Refreshing native plugins compatible for Editor in 0.81 ms, found 4 plugins.
Preloading 0 native plugins for Editor in 0.00 ms.
Mono: successfully reloaded assembly
- Completed reload, in  0.964 seconds
Domain Reload Profiling:
	ReloadAssembly (965ms)
		BeginReloadAssembly (134ms)
			ExecutionOrderSort (0ms)
			DisableScriptedObjects (6ms)
			BackupInstance (0ms)
			ReleaseScriptingObjects (0ms)
			CreateAndSetChildDomain (38ms)
		EndReloadAssembly (731ms)
			LoadAssemblies (92ms)
			RebuildTransferFunctionScriptingTraits (0ms)
			SetupTypeCache (227ms)
			ReleaseScriptCaches (1ms)
			RebuildScriptCaches (43ms)
			SetupLoadedEditorAssemblies (327ms)
				LogAssemblyErrors (0ms)
				InitializePlatformSupportModulesInManaged (12ms)
				SetLoadedEditorAssemblies (0ms)
				RefreshPlugins (1ms)
				BeforeProcessingInitializeOnLoad (77ms)
				ProcessInitializeOnLoadAttributes (192ms)
				ProcessInitializeOnLoadMethodAttributes (37ms)
				AfterProcessingInitializeOnLoad (8ms)
				EditorAssembliesLoaded (0ms)
			ExecutionOrderSort2 (0ms)
			AwakeInstancesAfterBackupRestoration (8ms)
Platform modules already initialized, skipping
Refreshing native plugins compatible for Editor in 2.70 ms, found 4 plugins.
Preloading 0 native plugins for Editor in 0.00 ms.
Unloading 4053 Unused Serialized files (Serialized files now loaded: 0)
Unloading 33 unused Assets / (240.2 KB). Loaded Objects now: 4530.
Memory consumption went from 155.5 MB to 155.3 MB.
Total: 3.359600 ms (FindLiveObjects: 0.300900 ms CreateObjectMapping: 0.100500 ms MarkObjects: 2.774200 ms  DeleteObjects: 0.182500 ms)

AssetImportParameters requested are different than current active one (requested -> active):
  custom:video-decoder-ogg-theora: a1e56fd34408186e4bbccfd4996cb3dc -> 
  custom:container-muxer-webm: aa71ff27fc2769a1b78a27578f13a17b -> 
  custom:container-demuxer-webm: 4f35f7cbe854078d1ac9338744f61a02 -> 
  custom:video-encoder-webm-vp8: eb34c28f22e8b96e1ab97ce403110664 -> 
  custom:audio-encoder-webm-vorbis: bf7c407c2cedff20999df2af8eb42d56 -> 
  custom:framework-win-MediaFoundation: 216162199b28c13a410421893ffa2e32 -> 
  custom:container-demuxer-ogg: 62fdf1f143b41e24485cea50d1cbac27 -> 
  custom:video-decoder-webm-vp8: 9c59270c3fd7afecdb556c50c9e8de78 -> 
  custom:audio-decoder-ogg-vorbis: bf7c407c2cedff20999df2af8eb42d56 -> 
